#! /usr/bin/vvp
:ivl_version "0.9.7 " "(v0_9_7)";
:vpi_time_precision - 10;
:vpi_module "system";
:vpi_module "v2005_math";
:vpi_module "va_math";
S_0x1760510 .scope module, "TaskAck_CrossDomain_test" "TaskAck_CrossDomain_test" 2 4;
 .timescale -9 -10;
v0x179c2e0_0 .net "TaskA_busy", 0 0, L_0x179cc60; 1 drivers
v0x179c360_0 .net "TaskA_done", 0 0, L_0x179cef0; 1 drivers
v0x179c3e0_0 .var "TaskA_start", 0 0;
v0x179c490_0 .net "TaskB_busy", 0 0, L_0x179cb10; 1 drivers
v0x179c570_0 .var "TaskB_done", 0 0;
v0x179c620_0 .net "TaskB_start", 0 0, L_0x179bbe0; 1 drivers
v0x179c6a0_0 .var "clkA", 0 0;
v0x179c750_0 .var "clkB", 0 0;
E_0x1774680 .event negedge, v0x179c1c0_0;
E_0x17604a0 .event edge, v0x179bc60_0;
E_0x1760210 .event negedge, v0x179bf30_0;
S_0x1760270 .scope module, "i_tc" "TaskAck_CrossDomain" 2 25, 3 5, S_0x1760510;
 .timescale -9 -10;
L_0x179bbe0 .functor XOR 1, L_0x179c800, L_0x179c900, C4<0>, C4<0>;
L_0x179cb10 .functor OR 1, L_0x179bbe0, v0x1782bf0_0, C4<0>, C4<0>;
L_0x179cc60 .functor XOR 1, v0x179b5c0_0, L_0x179cbc0, C4<0>, C4<0>;
L_0x179cef0 .functor XOR 1, L_0x179cd60, L_0x179ce50, C4<0>, C4<0>;
v0x1782bf0_0 .var "Busyhold", 0 0;
v0x179b5c0_0 .var "FlagToggleA", 0 0;
v0x179b660_0 .var "FlagToggleB", 0 0;
v0x179b700_0 .var "SyncA", 2 0;
v0x179b7b0_0 .var "SyncB", 2 0;
v0x179b850_0 .alias "TaskA_busy", 0 0, v0x179c2e0_0;
v0x179b930_0 .alias "TaskA_done", 0 0, v0x179c360_0;
v0x179b9d0_0 .net "TaskA_start", 0 0, v0x179c3e0_0; 1 drivers
v0x179bac0_0 .alias "TaskB_busy", 0 0, v0x179c490_0;
v0x179bb60_0 .net "TaskB_done", 0 0, v0x179c570_0; 1 drivers
v0x179bc60_0 .alias "TaskB_start", 0 0, v0x179c620_0;
v0x179bd00_0 .net *"_s1", 0 0, L_0x179c800; 1 drivers
v0x179be10_0 .net *"_s13", 0 0, L_0x179cd60; 1 drivers
v0x179beb0_0 .net *"_s15", 0 0, L_0x179ce50; 1 drivers
v0x179bfd0_0 .net *"_s3", 0 0, L_0x179c900; 1 drivers
v0x179c070_0 .net *"_s9", 0 0, L_0x179cbc0; 1 drivers
v0x179bf30_0 .net "clkA", 0 0, v0x179c6a0_0; 1 drivers
v0x179c1c0_0 .net "clkB", 0 0, v0x179c750_0; 1 drivers
E_0x1761990 .event posedge, v0x179bf30_0;
E_0x1760e80 .event posedge, v0x179c1c0_0;
L_0x179c800 .part v0x179b700_0, 2, 1;
L_0x179c900 .part v0x179b700_0, 1, 1;
L_0x179cbc0 .part v0x179b7b0_0, 2, 1;
L_0x179cd60 .part v0x179b7b0_0, 2, 1;
L_0x179ce50 .part v0x179b7b0_0, 1, 1;
    .scope S_0x1760270;
T_0 ;
    %set/v v0x179b5c0_0, 0, 1;
    %end;
    .thread T_0;
    .scope S_0x1760270;
T_1 ;
    %set/v v0x179b660_0, 0, 1;
    %end;
    .thread T_1;
    .scope S_0x1760270;
T_2 ;
    %set/v v0x1782bf0_0, 0, 1;
    %end;
    .thread T_2;
    .scope S_0x1760270;
T_3 ;
    %set/v v0x179b700_0, 0, 3;
    %end;
    .thread T_3;
    .scope S_0x1760270;
T_4 ;
    %set/v v0x179b7b0_0, 0, 3;
    %end;
    .thread T_4;
    .scope S_0x1760270;
T_5 ;
    %wait E_0x1761990;
    %load/v 8, v0x179b5c0_0, 1;
    %load/v 9, v0x179b9d0_0, 1;
    %load/v 10, v0x179b850_0, 1;
    %inv 10, 1;
    %and 9, 10, 1;
    %xor 8, 9, 1;
    %ix/load 0, 1, 0;
    %assign/v0 v0x179b5c0_0, 0, 8;
    %jmp T_5;
    .thread T_5;
    .scope S_0x1760270;
T_6 ;
    %wait E_0x1760e80;
    %load/v 8, v0x179b5c0_0, 1;
    %load/v 9, v0x179b700_0, 2; Select 2 out of 3 bits
    %ix/load 0, 3, 0;
    %assign/v0 v0x179b700_0, 0, 8;
    %jmp T_6;
    .thread T_6;
    .scope S_0x1760270;
T_7 ;
    %wait E_0x1760e80;
    %load/v 8, v0x179bb60_0, 1;
    %inv 8, 1;
    %load/v 9, v0x179bac0_0, 1;
    %and 8, 9, 1;
    %ix/load 0, 1, 0;
    %assign/v0 v0x1782bf0_0, 0, 8;
    %jmp T_7;
    .thread T_7;
    .scope S_0x1760270;
T_8 ;
    %wait E_0x1760e80;
    %load/v 8, v0x179bac0_0, 1;
    %load/v 9, v0x179bb60_0, 1;
    %and 8, 9, 1;
    %jmp/0xz  T_8.0, 8;
    %load/v 8, v0x179b5c0_0, 1;
    %ix/load 0, 1, 0;
    %assign/v0 v0x179b660_0, 0, 8;
T_8.0 ;
    %jmp T_8;
    .thread T_8;
    .scope S_0x1760270;
T_9 ;
    %wait E_0x1761990;
    %load/v 8, v0x179b660_0, 1;
    %load/v 9, v0x179b7b0_0, 2; Select 2 out of 3 bits
    %ix/load 0, 3, 0;
    %assign/v0 v0x179b7b0_0, 0, 8;
    %jmp T_9;
    .thread T_9;
    .scope S_0x1760510;
T_10 ;
    %set/v v0x179c6a0_0, 0, 1;
    %end;
    .thread T_10;
    .scope S_0x1760510;
T_11 ;
    %set/v v0x179c750_0, 0, 1;
    %end;
    .thread T_11;
    .scope S_0x1760510;
T_12 ;
    %set/v v0x179c3e0_0, 0, 1;
    %end;
    .thread T_12;
    .scope S_0x1760510;
T_13 ;
    %set/v v0x179c570_0, 0, 1;
    %end;
    .thread T_13;
    .scope S_0x1760510;
T_14 ;
    %delay 200, 0;
    %load/v 8, v0x179c6a0_0, 1;
    %inv 8, 1;
    %set/v v0x179c6a0_0, 8, 1;
    %jmp T_14;
    .thread T_14;
    .scope S_0x1760510;
T_15 ;
    %delay 100, 0;
    %load/v 8, v0x179c750_0, 1;
    %inv 8, 1;
    %set/v v0x179c750_0, 8, 1;
    %jmp T_15;
    .thread T_15;
    .scope S_0x1760510;
T_16 ;
    %delay 1000, 0;
    %wait E_0x1760210;
    %set/v v0x179c3e0_0, 1, 1;
    %wait E_0x1760210;
    %set/v v0x179c3e0_0, 0, 1;
T_16.0 ;
    %load/v 8, v0x179c620_0, 1;
    %cmpi/u 8, 1, 1;
    %inv 6, 1;
    %jmp/0xz T_16.1, 6;
    %wait E_0x17604a0;
    %jmp T_16.0;
T_16.1 ;
    %delay 1000, 0;
    %wait E_0x1774680;
    %set/v v0x179c570_0, 1, 1;
    %wait E_0x1774680;
    %set/v v0x179c570_0, 0, 1;
    %delay 3000, 0;
    %vpi_call 2 45 "$finish";
    %end;
    .thread T_16;
    .scope S_0x1760510;
T_17 ;
    %vpi_call 2 50 "$dumpfile", "TaskAck_CrossDomain_test.vcd";
    %vpi_call 2 52 "$dumpvars";
    %end;
    .thread T_17;
# The file index is used to find the file name in the following table.
:file_names 4;
    "N/A";
    "<interactive>";
    "TaskAck_CrossDomain_test.v";
    "./../rtl/TaskAck_CrossDomain.v";
